[  0%] Built target std_msgs_generate_messages_cpp
[  0%] Built target std_msgs_generate_messages_lisp
[  0%] Built target _beginner_tutorials_generate_messages_check_deps_WaveForm
[  0%] Built target _beginner_tutorials_generate_messages_check_deps_AddTwoInts
[  0%] Built target _beginner_tutorials_generate_messages_check_deps_Student
[  0%] Built target std_msgs_generate_messages_py
[  0%] Built target std_msgs_generate_messages_nodejs
[  0%] Built target std_msgs_generate_messages_eus
[ 13%] Built target beginner_tutorials_generate_messages_cpp
[ 27%] Built target beginner_tutorials_generate_messages_lisp
[ 50%] Built target beginner_tutorials_generate_messages_py
[35m[1mScanning dependencies of target talker[0m
[ 63%] Built target beginner_tutorials_generate_messages_nodejs
[35m[1mScanning dependencies of target listener[0m
[ 81%] Built target beginner_tutorials_generate_messages_eus
[ 86%] [32mBuilding CXX object CMakeFiles/listener.dir/src/listener.cpp.o[0m
[ 86%] Built target beginner_tutorials_generate_messages
[ 90%] [32mBuilding CXX object CMakeFiles/talker.dir/src/talker.cpp.o[0m
[01m[K/home/foronz/catkin_ws/src/beginner_tutorials/src/listener.cpp:1:10:[m[K [01;35m[Kwarning: [m[Kmissing terminating " character
    1 | #include [01;35m[K"[m[Kros/ros.h'
      |          [01;35m[K^[m[K
[01m[K/home/foronz/catkin_ws/src/beginner_tutorials/src/listener.cpp:1:10:[m[K [01;31m[Kerror: [m[K#include expects "FILENAME" or <FILENAME>
    1 | #include [01;31m[K"ros/ros.h'[m[K
      |          [01;31m[K^~~~~~~~~~~[m[K
[01m[K/home/foronz/catkin_ws/src/beginner_tutorials/src/listener.cpp:[m[K In function â€˜[01m[Kint main(int, char**)[m[Kâ€™:
[01m[K/home/foronz/catkin_ws/src/beginner_tutorials/src/listener.cpp:9:10:[m[K [01;31m[Kerror: [m[Kâ€˜[01m[Kinit[m[Kâ€™ is not a member of â€˜[01m[Kros[m[Kâ€™
    9 |     ros::[01;31m[Kinit[m[K(argc, argv, "talker");
      |          [01;31m[K^~~~[m[K
[01m[K/home/foronz/catkin_ws/src/beginner_tutorials/src/listener.cpp:11:10:[m[K [01;31m[Kerror: [m[Kâ€˜[01m[KNodeHandle[m[Kâ€™ is not a member of â€˜[01m[Kros[m[Kâ€™
   11 |     ros::[01;31m[KNodeHandle[m[K n;
      |          [01;31m[K^~~~~~~~~~[m[K
[01m[K/home/foronz/catkin_ws/src/beginner_tutorials/src/listener.cpp:13:10:[m[K [01;31m[Kerror: [m[Kâ€˜[01m[KPublisher[m[Kâ€™ is not a member of â€˜[01m[Kros[m[Kâ€™
   13 |     ros::[01;31m[KPublisher[m[K chatter_pub = n.advertise<std_msgs::String>("chatter", 1000);
      |          [01;31m[K^~~~~~~~~[m[K
[01m[K/home/foronz/catkin_ws/src/beginner_tutorials/src/listener.cpp:14:20:[m[K [01;31m[Kerror: [m[Kexpected initializer before â€˜[01m[K_rate[m[Kâ€™
   14 |     ros::Rate loop [01;31m[K_rate[m[K(10);
      |                    [01;31m[K^~~~~[m[K
[01m[K/home/foronz/catkin_ws/src/beginner_tutorials/src/listener.cpp:18:17:[m[K [01;31m[Kerror: [m[Kâ€˜[01m[Kok[m[Kâ€™ is not a member of â€˜[01m[Kros[m[Kâ€™
   18 |     while (ros::[01;31m[Kok[m[K())
      |                 [01;31m[K^~[m[K
[01m[K/home/foronz/catkin_ws/src/beginner_tutorials/src/listener.cpp:31:9:[m[K [01;31m[Kerror: [m[Kâ€˜[01m[KROS_INFO[m[Kâ€™ was not declared in this scope
   31 |         [01;31m[KROS_INFO[m[K("%s", msg.data.c_str());
      |         [01;31m[K^~~~~~~~[m[K
[01m[K/home/foronz/catkin_ws/src/beginner_tutorials/src/listener.cpp:32:9:[m[K [01;31m[Kerror: [m[Kâ€˜[01m[Kchatter_pub[m[Kâ€™ was not declared in this scope
   32 |         [01;31m[Kchatter_pub[m[K.publish(msg);
      |         [01;31m[K^~~~~~~~~~~[m[K
[01m[K/home/foronz/catkin_ws/src/beginner_tutorials/src/listener.cpp:33:14:[m[K [01;31m[Kerror: [m[Kâ€˜[01m[KspinOnce[m[Kâ€™ is not a member of â€˜[01m[Kros[m[Kâ€™
   33 |         ros::[01;31m[KspinOnce[m[K();
      |              [01;31m[K^~~~~~~~[m[K
[01m[K/home/foronz/catkin_ws/src/beginner_tutorials/src/listener.cpp:34:9:[m[K [01;31m[Kerror: [m[Kâ€˜[01m[Kloop_rate[m[Kâ€™ was not declared in this scope
   34 |         [01;31m[Kloop_rate[m[K.sleep();
      |         [01;31m[K^~~~~~~~~[m[K
make[2]: *** [CMakeFiles/listener.dir/build.make:63: CMakeFiles/listener.dir/src/listener.cpp.o] Error 1
make[1]: *** [CMakeFiles/Makefile2:172: CMakeFiles/listener.dir/all] Error 2
make[1]: *** Waiting for unfinished jobs....
[ 95%] [32m[1mLinking CXX executable /home/foronz/catkin_ws/devel/.private/beginner_tutorials/lib/beginner_tutorials/talker[0m
[ 95%] Built target talker
make: *** [Makefile:141: all] Error 2
